<?xml version="1.0" encoding="UTF-8"?>
<testng-results skipped="0" failed="2" total="4" passed="2">
  <reporter-output>
    <line>
      <![CDATA[pass:title is matching]]>
    </line>
    <line>
      <![CDATA[pass:title is matching]]>
    </line>
    <line>
      <![CDATA[fail:title is not matching]]>
    </line>
    <line>
      <![CDATA[fail:title is not matching]]>
    </line>
  </reporter-output>
  <suite name="Suite" duration-ms="154053" started-at="2019-12-17T03:12:56Z" finished-at="2019-12-17T03:15:30Z">
    <groups>
    </groups>
    <test name="chromeTest" duration-ms="125424" started-at="2019-12-17T03:12:56Z" finished-at="2019-12-17T03:15:01Z">
      <class name="scripts.s2">
        <test-method status="PASS" signature="precondition()[pri:0, instance:scripts.s2@29774679]" name="precondition" is-config="true" duration-ms="49050" started-at="2019-12-17T08:43:39Z" finished-at="2019-12-17T08:44:28Z">
          <reporter-output>
          </reporter-output>
        </test-method> <!-- precondition -->
        <test-method status="FAIL" signature="logoutscript()[pri:0, instance:scripts.s2@29774679]" name="logoutscript" duration-ms="31876" started-at="2019-12-17T08:44:28Z" finished-at="2019-12-17T08:45:00Z">
          <exception class="java.lang.AssertionError">
            <message>
              <![CDATA[null]]>
            </message>
            <full-stacktrace>
              <![CDATA[java.lang.AssertionError: null
	at org.testng.Assert.fail(Assert.java:94)
	at org.testng.Assert.fail(Assert.java:101)
	at generic.basepage.elementvisibility(basepage.java:38)
	at scripts.s2.logoutscript(s2.java:17)
	at sun.reflect.NativeMethodAccessorImpl.invoke0(Native Method)
	at sun.reflect.NativeMethodAccessorImpl.invoke(Unknown Source)
	at sun.reflect.DelegatingMethodAccessorImpl.invoke(Unknown Source)
	at java.lang.reflect.Method.invoke(Unknown Source)
	at org.testng.internal.MethodInvocationHelper.invokeMethod(MethodInvocationHelper.java:100)
	at org.testng.internal.Invoker.invokeMethod(Invoker.java:646)
	at org.testng.internal.Invoker.invokeTestMethod(Invoker.java:811)
	at org.testng.internal.Invoker.invokeTestMethods(Invoker.java:1129)
	at org.testng.internal.TestMethodWorker.invokeTestMethods(TestMethodWorker.java:129)
	at org.testng.internal.TestMethodWorker.run(TestMethodWorker.java:112)
	at org.testng.TestRunner.privateRun(TestRunner.java:746)
	at org.testng.TestRunner.run(TestRunner.java:600)
	at org.testng.SuiteRunner.runTest(SuiteRunner.java:366)
	at org.testng.SuiteRunner.access$000(SuiteRunner.java:39)
	at org.testng.SuiteRunner$SuiteWorker.run(SuiteRunner.java:400)
	at org.testng.internal.thread.ThreadUtil$2.call(ThreadUtil.java:64)
	at java.util.concurrent.FutureTask.run(Unknown Source)
	at java.util.concurrent.ThreadPoolExecutor.runWorker(Unknown Source)
	at java.util.concurrent.ThreadPoolExecutor$Worker.run(Unknown Source)
	at java.lang.Thread.run(Unknown Source)
]]>
            </full-stacktrace>
          </exception> <!-- java.lang.AssertionError -->
          <reporter-output>
            <line>
              <![CDATA[fail:title is not matching]]>
            </line>
          </reporter-output>
        </test-method> <!-- logoutscript -->
        <test-method status="PASS" signature="postcondition(org.testng.ITestResult)[pri:0, instance:scripts.s2@29774679]" name="postcondition" is-config="true" duration-ms="948" started-at="2019-12-17T08:45:00Z" finished-at="2019-12-17T08:45:01Z">
          <params>
            <param index="0">
              <value>
                <![CDATA[[TestResult name=logoutscript status=FAILURE method=s2.logoutscript()[pri:0, instance:scripts.s2@29774679] output=fail:title is not matching]]]>
              </value>
            </param>
          </params>
          <reporter-output>
          </reporter-output>
        </test-method> <!-- postcondition -->
      </class> <!-- scripts.s2 -->
      <class name="scripts.s1">
        <test-method status="PASS" signature="precondition(java.lang.String)[pri:0, instance:scripts.s1@61832929]" name="precondition" is-config="true" duration-ms="30441" started-at="2019-12-17T08:42:56Z" finished-at="2019-12-17T08:43:26Z">
          <params>
            <param index="0">
              <value>
                <![CDATA[chrome]]>
              </value>
            </param>
          </params>
          <reporter-output>
          </reporter-output>
        </test-method> <!-- precondition -->
        <test-method status="PASS" signature="actilogin()[pri:0, instance:scripts.s1@61832929]" name="actilogin" duration-ms="10953" started-at="2019-12-17T08:43:26Z" finished-at="2019-12-17T08:43:37Z">
          <reporter-output>
            <line>
              <![CDATA[pass:title is matching]]>
            </line>
          </reporter-output>
        </test-method> <!-- actilogin -->
        <test-method status="PASS" signature="postcondition(org.testng.ITestResult)[pri:0, instance:scripts.s1@61832929]" name="postcondition" is-config="true" duration-ms="2133" started-at="2019-12-17T08:43:37Z" finished-at="2019-12-17T08:43:39Z">
          <params>
            <param index="0">
              <value>
                <![CDATA[[TestResult name=actilogin status=SUCCESS method=s1.actilogin()[pri:0, instance:scripts.s1@61832929] output=pass:title is matching]]]>
              </value>
            </param>
          </params>
          <reporter-output>
          </reporter-output>
        </test-method> <!-- postcondition -->
      </class> <!-- scripts.s1 -->
    </test> <!-- chromeTest -->
    <test name="firefoxTest" duration-ms="154053" started-at="2019-12-17T03:12:56Z" finished-at="2019-12-17T03:15:30Z">
      <class name="scripts.s2">
        <test-method status="PASS" signature="precondition()[pri:0, instance:scripts.s2@5622fdf]" name="precondition" is-config="true" duration-ms="22651" started-at="2019-12-17T08:44:34Z" finished-at="2019-12-17T08:44:57Z">
          <reporter-output>
          </reporter-output>
        </test-method> <!-- precondition -->
        <test-method status="FAIL" signature="logoutscript()[pri:0, instance:scripts.s2@5622fdf]" name="logoutscript" duration-ms="29730" started-at="2019-12-17T08:44:57Z" finished-at="2019-12-17T08:45:27Z">
          <exception class="java.lang.AssertionError">
            <message>
              <![CDATA[null]]>
            </message>
            <full-stacktrace>
              <![CDATA[java.lang.AssertionError: null
	at org.testng.Assert.fail(Assert.java:94)
	at org.testng.Assert.fail(Assert.java:101)
	at generic.basepage.elementvisibility(basepage.java:38)
	at scripts.s2.logoutscript(s2.java:17)
	at sun.reflect.NativeMethodAccessorImpl.invoke0(Native Method)
	at sun.reflect.NativeMethodAccessorImpl.invoke(Unknown Source)
	at sun.reflect.DelegatingMethodAccessorImpl.invoke(Unknown Source)
	at java.lang.reflect.Method.invoke(Unknown Source)
	at org.testng.internal.MethodInvocationHelper.invokeMethod(MethodInvocationHelper.java:100)
	at org.testng.internal.Invoker.invokeMethod(Invoker.java:646)
	at org.testng.internal.Invoker.invokeTestMethod(Invoker.java:811)
	at org.testng.internal.Invoker.invokeTestMethods(Invoker.java:1129)
	at org.testng.internal.TestMethodWorker.invokeTestMethods(TestMethodWorker.java:129)
	at org.testng.internal.TestMethodWorker.run(TestMethodWorker.java:112)
	at org.testng.TestRunner.privateRun(TestRunner.java:746)
	at org.testng.TestRunner.run(TestRunner.java:600)
	at org.testng.SuiteRunner.runTest(SuiteRunner.java:366)
	at org.testng.SuiteRunner.access$000(SuiteRunner.java:39)
	at org.testng.SuiteRunner$SuiteWorker.run(SuiteRunner.java:400)
	at org.testng.internal.thread.ThreadUtil$2.call(ThreadUtil.java:64)
	at java.util.concurrent.FutureTask.run(Unknown Source)
	at java.util.concurrent.ThreadPoolExecutor.runWorker(Unknown Source)
	at java.util.concurrent.ThreadPoolExecutor$Worker.run(Unknown Source)
	at java.lang.Thread.run(Unknown Source)
]]>
            </full-stacktrace>
          </exception> <!-- java.lang.AssertionError -->
          <reporter-output>
            <line>
              <![CDATA[fail:title is not matching]]>
            </line>
          </reporter-output>
        </test-method> <!-- logoutscript -->
        <test-method status="PASS" signature="postcondition(org.testng.ITestResult)[pri:0, instance:scripts.s2@5622fdf]" name="postcondition" is-config="true" duration-ms="2884" started-at="2019-12-17T08:45:27Z" finished-at="2019-12-17T08:45:30Z">
          <params>
            <param index="0">
              <value>
                <![CDATA[[TestResult name=logoutscript status=FAILURE method=s2.logoutscript()[pri:0, instance:scripts.s2@5622fdf] output=fail:title is not matching]]]>
              </value>
            </param>
          </params>
          <reporter-output>
          </reporter-output>
        </test-method> <!-- postcondition -->
      </class> <!-- scripts.s2 -->
      <class name="scripts.s1">
        <test-method status="PASS" signature="precondition(java.lang.String)[pri:0, instance:scripts.s1@6093dd95]" name="precondition" is-config="true" duration-ms="88138" started-at="2019-12-17T08:42:56Z" finished-at="2019-12-17T08:44:24Z">
          <params>
            <param index="0">
              <value>
                <![CDATA[firefox]]>
              </value>
            </param>
          </params>
          <reporter-output>
          </reporter-output>
        </test-method> <!-- precondition -->
        <test-method status="PASS" signature="actilogin()[pri:0, instance:scripts.s1@6093dd95]" name="actilogin" duration-ms="8464" started-at="2019-12-17T08:44:24Z" finished-at="2019-12-17T08:44:32Z">
          <reporter-output>
            <line>
              <![CDATA[pass:title is matching]]>
            </line>
          </reporter-output>
        </test-method> <!-- actilogin -->
        <test-method status="PASS" signature="postcondition(org.testng.ITestResult)[pri:0, instance:scripts.s1@6093dd95]" name="postcondition" is-config="true" duration-ms="2166" started-at="2019-12-17T08:44:32Z" finished-at="2019-12-17T08:44:34Z">
          <params>
            <param index="0">
              <value>
                <![CDATA[[TestResult name=actilogin status=SUCCESS method=s1.actilogin()[pri:0, instance:scripts.s1@6093dd95] output=pass:title is matching]]]>
              </value>
            </param>
          </params>
          <reporter-output>
          </reporter-output>
        </test-method> <!-- postcondition -->
      </class> <!-- scripts.s1 -->
    </test> <!-- firefoxTest -->
  </suite> <!-- Suite -->
</testng-results>
